<?xml version="1.0" encoding="UTF-8"?>
<testsuite xmlns:xsi="http://www.w3.org/2001/XMLSchema-instance" xsi:noNamespaceSchemaLocation="https://maven.apache.org/surefire/maven-failsafe-plugin/xsd/failsafe-test-report-3.0.xsd" version="3.0" name="Runner.TestRunner" time="4.58" tests="2" errors="0" skipped="0" failures="0">
  <properties>
[...]
</properties>
  <testcase name="Demo Scenario" classname="demo feature" time="2.161">
    <system-out><![CDATA[
Scenario: Demo Scenario # feature/Demo.feature:2
My Id------My pwd
  Given the creds       # CucumberDiSpring.steps.DemoSteps.the_creds()
/job/purge
  When hit the endpoint # CucumberDiSpring.steps.DemoSteps.hit_the_endpoint()
purged withMy Id
  Then Purge happens    # CucumberDiSpring.steps.DemoSteps.purge_happens()
]]></system-out>
    <system-err><![CDATA[Aug 21, 2020 12:45:51 AM org.springframework.test.context.support.AbstractTestContextBootstrapper getDefaultTestExecutionListenerClassNames
INFO: Loaded default TestExecutionListener class names from location [META-INF/spring.factories]: [org.springframework.test.context.web.ServletTestExecutionListener, org.springframework.test.context.support.DirtiesContextBeforeModesTestExecutionListener, org.springframework.test.context.support.DependencyInjectionTestExecutionListener, org.springframework.test.context.support.DirtiesContextTestExecutionListener, org.springframework.test.context.transaction.TransactionalTestExecutionListener, org.springframework.test.context.jdbc.SqlScriptsTestExecutionListener]
Aug 21, 2020 12:45:51 AM org.springframework.test.context.support.AbstractTestContextBootstrapper instantiateListeners
INFO: Could not instantiate TestExecutionListener [org.springframework.test.context.transaction.TransactionalTestExecutionListener]. Specify custom listener classes or make the default listener classes (and their required dependencies) available. Offending class: [org/springframework/transaction/interceptor/TransactionAttributeSource]
Aug 21, 2020 12:45:51 AM org.springframework.test.context.support.AbstractTestContextBootstrapper instantiateListeners
INFO: Could not instantiate TestExecutionListener [org.springframework.test.context.web.ServletTestExecutionListener]. Specify custom listener classes or make the default listener classes (and their required dependencies) available. Offending class: [javax/servlet/ServletContext]
Aug 21, 2020 12:45:51 AM org.springframework.test.context.support.AbstractTestContextBootstrapper instantiateListeners
INFO: Could not instantiate TestExecutionListener [org.springframework.test.context.jdbc.SqlScriptsTestExecutionListener]. Specify custom listener classes or make the default listener classes (and their required dependencies) available. Offending class: [org/springframework/transaction/interceptor/TransactionAttribute]
Aug 21, 2020 12:45:51 AM org.springframework.test.context.support.AbstractTestContextBootstrapper getTestExecutionListeners
INFO: Using TestExecutionListeners: [org.springframework.test.context.support.DirtiesContextBeforeModesTestExecutionListener@6e535154, org.springframework.test.context.support.DependencyInjectionTestExecutionListener@15a34df2, org.springframework.test.context.support.DirtiesContextTestExecutionListener@5b38c1ec]
Aug 21, 2020 12:45:51 AM org.springframework.context.support.AbstractApplicationContext prepareRefresh
INFO: Refreshing org.springframework.context.support.GenericApplicationContext@446a1e84: startup date [Fri Aug 21 00:45:51 IST 2020]; root of context hierarchy
]]></system-err>
  </testcase>
  <testcase name="Demo Scenario2" classname="demo feature" time="0.311">
    <system-out><![CDATA[
Scenario: Demo Scenario2 # feature/Demo.feature:6
My Id------My pwd
  Given the creds        # CucumberDiSpring.steps.DemoSteps.the_creds()
/job/purge
  When hit the endpoint  # CucumberDiSpring.steps.DemoSteps.hit_the_endpoint()
purged withMy Id
  Then Purge happens     # CucumberDiSpring.steps.DemoSteps.purge_happens()
]]></system-out>
    <system-err><![CDATA[Aug 21, 2020 12:45:52 AM org.springframework.test.context.support.AbstractTestContextBootstrapper getDefaultTestExecutionListenerClassNames
INFO: Loaded default TestExecutionListener class names from location [META-INF/spring.factories]: [org.springframework.test.context.web.ServletTestExecutionListener, org.springframework.test.context.support.DirtiesContextBeforeModesTestExecutionListener, org.springframework.test.context.support.DependencyInjectionTestExecutionListener, org.springframework.test.context.support.DirtiesContextTestExecutionListener, org.springframework.test.context.transaction.TransactionalTestExecutionListener, org.springframework.test.context.jdbc.SqlScriptsTestExecutionListener]
Aug 21, 2020 12:45:52 AM org.springframework.test.context.support.AbstractTestContextBootstrapper instantiateListeners
INFO: Could not instantiate TestExecutionListener [org.springframework.test.context.transaction.TransactionalTestExecutionListener]. Specify custom listener classes or make the default listener classes (and their required dependencies) available. Offending class: [org/springframework/transaction/interceptor/TransactionAttributeSource]
Aug 21, 2020 12:45:52 AM org.springframework.test.context.support.AbstractTestContextBootstrapper instantiateListeners
INFO: Could not instantiate TestExecutionListener [org.springframework.test.context.web.ServletTestExecutionListener]. Specify custom listener classes or make the default listener classes (and their required dependencies) available. Offending class: [javax/servlet/ServletContext]
Aug 21, 2020 12:45:52 AM org.springframework.test.context.support.AbstractTestContextBootstrapper instantiateListeners
INFO: Could not instantiate TestExecutionListener [org.springframework.test.context.jdbc.SqlScriptsTestExecutionListener]. Specify custom listener classes or make the default listener classes (and their required dependencies) available. Offending class: [org/springframework/transaction/interceptor/TransactionAttribute]
Aug 21, 2020 12:45:52 AM org.springframework.test.context.support.AbstractTestContextBootstrapper getTestExecutionListeners
INFO: Using TestExecutionListeners: [org.springframework.test.context.support.DirtiesContextBeforeModesTestExecutionListener@6bea52d4, org.springframework.test.context.support.DependencyInjectionTestExecutionListener@11981797, org.springframework.test.context.support.DirtiesContextTestExecutionListener@5c42d2b7]
Aug 21, 2020 12:45:52 AM org.springframework.beans.factory.support.AbstractBeanFactory registerScope
INFO: Replacing scope 'cucumber-glue' from [io.cucumber.spring.GlueCodeScope@625abb97] to [io.cucumber.spring.GlueCodeScope@5b1f29fa]
]]></system-err>
  </testcase>
</testsuite>